<?xml version="1.0" encoding="UTF-8"?>
<!-- Generated by org.testng.reporters.JUnitReportReporter -->
<testsuite hostname="LAPTOP-CJ63G7LO" name="AmitaTest" tests="2" failures="0" timestamp="17 May 2023 22:04:57 GMT" time="48.206" errors="0">
  <testcase name="amita" time="13.675" classname="AmitaTest"/>
  <testcase name="amita1" time="34.531" classname="AmitaTest"/>
</testsuite> <!-- AmitaTest -->
