<?xml version="1.0" encoding="UTF-8"?>
<!-- Generated by org.testng.reporters.JUnitReportReporter -->
<testsuite hostname="LAPTOP-CJ63G7LO" name="AmitaTest1" tests="1" failures="0" timestamp="15 May 2023 22:33:02 GMT" time="13.971" errors="0">
  <testcase name="amita1" time="13.971" classname="AmitaTest1"/>
</testsuite> <!-- AmitaTest1 -->
