<?xml version="1.0" encoding="UTF-8"?>
<!-- Generated by org.testng.reporters.JUnitReportReporter -->
<testsuite hostname="Mariana" failures="0" tests="1" name="test.com.CareerTest" time="13.487" errors="0" timestamp="23 May 2023 03:06:51 GMT">
  <testcase classname="test.com.CareerTest" name="testCareesrTestCase" time="13.487"/>
</testsuite> <!-- test.com.CareerTest -->
