<?xml version="1.0" encoding="UTF-8"?>
<!-- Generated by org.testng.reporters.JUnitReportReporter -->
<testsuite hostname="Tenyang" failures="0" tests="1" name="test.com.itexps.SpecialtyCareTest" time="30.157" errors="0" timestamp="9 May 2023 17:01:36 GMT">
  <testcase classname="test.com.itexps.SpecialtyCareTest" name="testSpecialtyCare" time="30.157"/>
</testsuite> <!-- test.com.itexps.SpecialtyCareTest -->
