<?xml version="1.0" encoding="UTF-8"?>
<!-- Generated by org.testng.reporters.JUnitReportReporter -->
<testsuite hostname="Halleluyas-MacBook-Pro.local" failures="0" tests="1" name="test.com.ascension.PriceTransparency1" time="81.698" errors="0" timestamp="20 May 2023 02:16:53 GMT">
  <testcase classname="test.com.ascension.PriceTransparency1" name="testPriceTransparency" time="81.698"/>
</testsuite> <!-- test.com.ascension.PriceTransparency1 -->
