<?xml version="1.0" encoding="UTF-8"?>
<!-- Generated by org.testng.reporters.JUnitReportReporter -->
<testsuite hostname="Halleluyas-MacBook-Pro.local" failures="0" tests="1" name="test.com.ascension.PriceTranparencyTest" time="41.730" errors="0" timestamp="19 May 2023 23:35:07 GMT">
  <testcase classname="test.com.ascension.PriceTranparencyTest" name="testPriceTransparency" time="41.730"/>
</testsuite> <!-- test.com.ascension.PriceTranparencyTest -->
