<?xml version="1.0" encoding="UTF-8"?>
<!-- Generated by org.testng.reporters.JUnitReportReporter -->
<testsuite hostname="DESKTOP-2T9SIIM" failures="0" tests="1" name="firstSeleniumTests.firstSelTest" time="22.199" errors="0" timestamp="18 May 2023 16:41:50 GMT">
  <testcase classname="firstSeleniumTests.firstSelTest" name="OpenBrowser" time="22.199"/>
</testsuite> <!-- firstSeleniumTests.firstSelTest -->
